[35m[1mConsolidate compiler generated dependencies of target admittance_control[0m
[ 16%] [32mBuilding CXX object CMakeFiles/admittance_control.dir/src/admittance_controller.cpp.o[0m
[01m[K/workspaces/src/admittance_control/src/admittance_controller.cpp:[m[K In member function ‘[01m[Kvirtual controller_interface::return_type admittance_control::AdmittanceController::update(const rclcpp::Time&, const rclcpp::Duration&)[m[K’:
[01m[K/workspaces/src/admittance_control/src/admittance_controller.cpp:273:31:[m[K [01;35m[Kwarning: [m[Kvariable ‘[01m[KQ[m[K’ set but not used [[01;35m[K]8;;https://gcc.gnu.org/onlinedocs/gcc/Warning-Options.html#index-Wunused-but-set-variable-Wunused-but-set-variable]8;;[m[K]
  273 |   Eigen::Matrix<double, 6, 6> [01;35m[KQ[m[K = Lambda * Theta.inverse(); // helper for impedance control law
      |                               [01;35m[K^[m[K
[ 33%] [32m[1mLinking CXX shared library libadmittance_control.so[0m
[ 66%] Built target admittance_control
[35m[1mConsolidate compiler generated dependencies of target user_input_client[0m
[ 83%] [32m[1mLinking CXX executable user_input_client[0m
[100%] Built target user_input_client
-- Install configuration: ""
-- Up-to-date: /workspaces/src/admittance_control/install/admittance_control/share/admittance_control/admittance_control.xml
-- Installing: /workspaces/src/admittance_control/install/admittance_control/lib/admittance_control/user_input_client
-- Set runtime path of "/workspaces/src/admittance_control/install/admittance_control/lib/admittance_control/user_input_client" to ""
-- Installing: /workspaces/src/admittance_control/install/admittance_control/lib/libadmittance_control.so
-- Set runtime path of "/workspaces/src/admittance_control/install/admittance_control/lib/libadmittance_control.so" to ""
-- Up-to-date: /workspaces/src/admittance_control/install/admittance_control/include
-- Up-to-date: /workspaces/src/admittance_control/install/admittance_control/include/admittance_control
-- Up-to-date: /workspaces/src/admittance_control/install/admittance_control/include/admittance_control/user_input_server.hpp
-- Up-to-date: /workspaces/src/admittance_control/install/admittance_control/include/admittance_control/admittance_controller.hpp
-- Up-to-date: /workspaces/src/admittance_control/install/admittance_control/include/admittance_control/robot_utils.hpp
-- Up-to-date: /workspaces/src/admittance_control/install/admittance_control/share/admittance_control/launch
-- Up-to-date: /workspaces/src/admittance_control/install/admittance_control/share/admittance_control/launch/controllers.yaml
-- Up-to-date: /workspaces/src/admittance_control/install/admittance_control/share/admittance_control/launch/__pycache__
-- Up-to-date: /workspaces/src/admittance_control/install/admittance_control/share/admittance_control/launch/__pycache__/cartesian_impedance_controller.launch.cpython-310.pyc
-- Up-to-date: /workspaces/src/admittance_control/install/admittance_control/share/admittance_control/launch/admittance_controller.launch.py
-- Up-to-date: /workspaces/src/admittance_control/install/admittance_control/share/admittance_control/environment/library_path.sh
-- Up-to-date: /workspaces/src/admittance_control/install/admittance_control/share/admittance_control/environment/library_path.dsv
-- Up-to-date: /workspaces/src/admittance_control/install/admittance_control/share/ament_index/resource_index/package_run_dependencies/admittance_control
-- Up-to-date: /workspaces/src/admittance_control/install/admittance_control/share/ament_index/resource_index/parent_prefix_path/admittance_control
-- Up-to-date: /workspaces/src/admittance_control/install/admittance_control/share/admittance_control/environment/ament_prefix_path.sh
-- Up-to-date: /workspaces/src/admittance_control/install/admittance_control/share/admittance_control/environment/ament_prefix_path.dsv
-- Up-to-date: /workspaces/src/admittance_control/install/admittance_control/share/admittance_control/environment/path.sh
-- Up-to-date: /workspaces/src/admittance_control/install/admittance_control/share/admittance_control/environment/path.dsv
-- Up-to-date: /workspaces/src/admittance_control/install/admittance_control/share/admittance_control/local_setup.bash
-- Up-to-date: /workspaces/src/admittance_control/install/admittance_control/share/admittance_control/local_setup.sh
-- Up-to-date: /workspaces/src/admittance_control/install/admittance_control/share/admittance_control/local_setup.zsh
-- Up-to-date: /workspaces/src/admittance_control/install/admittance_control/share/admittance_control/local_setup.dsv
-- Installing: /workspaces/src/admittance_control/install/admittance_control/share/admittance_control/package.dsv
-- Up-to-date: /workspaces/src/admittance_control/install/admittance_control/share/ament_index/resource_index/packages/admittance_control
-- Up-to-date: /workspaces/src/admittance_control/install/admittance_control/share/ament_index/resource_index/controller_interface__pluginlib__plugin/admittance_control
-- Up-to-date: /workspaces/src/admittance_control/install/admittance_control/share/admittance_control/cmake/ament_cmake_export_include_directories-extras.cmake
-- Up-to-date: /workspaces/src/admittance_control/install/admittance_control/share/admittance_control/cmake/ament_cmake_export_libraries-extras.cmake
-- Up-to-date: /workspaces/src/admittance_control/install/admittance_control/share/admittance_control/cmake/ament_cmake_export_dependencies-extras.cmake
-- Up-to-date: /workspaces/src/admittance_control/install/admittance_control/share/admittance_control/cmake/admittance_controlConfig.cmake
-- Up-to-date: /workspaces/src/admittance_control/install/admittance_control/share/admittance_control/cmake/admittance_controlConfig-version.cmake
-- Up-to-date: /workspaces/src/admittance_control/install/admittance_control/share/admittance_control/package.xml
