-- The C compiler identification is GNU 11.4.0
-- The CXX compiler identification is GNU 11.4.0
-- Detecting C compiler ABI info
-- Detecting C compiler ABI info - done
-- Check for working C compiler: /usr/bin/cc - skipped
-- Detecting C compile features
-- Detecting C compile features - done
-- Detecting CXX compiler ABI info
-- Detecting CXX compiler ABI info - done
-- Check for working CXX compiler: /usr/bin/c++ - skipped
-- Detecting CXX compile features
-- Detecting CXX compile features - done
-- Found ament_cmake: 1.3.9 (/opt/ros/humble/share/ament_cmake/cmake)
-- Found Python3: /usr/bin/python3 (found version "3.10.12") found components: Interpreter 
-- Found rclcpp: 16.0.9 (/opt/ros/humble/share/rclcpp/cmake)
-- Found rosidl_generator_c: 3.1.5 (/opt/ros/humble/share/rosidl_generator_c/cmake)
-- Found rosidl_adapter: 3.1.5 (/opt/ros/humble/share/rosidl_adapter/cmake)
-- Found rosidl_generator_cpp: 3.1.5 (/opt/ros/humble/share/rosidl_generator_cpp/cmake)
-- Using all available rosidl_typesupport_c: rosidl_typesupport_fastrtps_c;rosidl_typesupport_introspection_c
-- Using all available rosidl_typesupport_cpp: rosidl_typesupport_fastrtps_cpp;rosidl_typesupport_introspection_cpp
-- Found rmw_implementation_cmake: 6.1.2 (/opt/ros/humble/share/rmw_implementation_cmake/cmake)
-- Found rmw_fastrtps_cpp: 6.2.6 (/opt/ros/humble/share/rmw_fastrtps_cpp/cmake)
-- Found OpenSSL: /usr/lib/x86_64-linux-gnu/libcrypto.so (found version "3.0.2")  
-- Found FastRTPS: /opt/ros/humble/include  
-- Using RMW implementation 'rmw_fastrtps_cpp' as default
-- Looking for pthread.h
-- Looking for pthread.h - found
-- Performing Test CMAKE_HAVE_LIBC_PTHREAD
-- Performing Test CMAKE_HAVE_LIBC_PTHREAD - Success
-- Found Threads: TRUE  
-- Found rclcpp_action: 16.0.9 (/opt/ros/humble/share/rclcpp_action/cmake)
-- Found controller_interface: 2.41.0 (/opt/ros/humble/share/controller_interface/cmake)
-- Found franka_msgs: 0.1.15 (/workspaces/install/franka_msgs/share/franka_msgs/cmake)
-- Found franka_semantic_components: 0.1.0 (/workspaces/install/franka_semantic_components/share/franka_semantic_components/cmake)
-- Found generate_parameter_library: 0.3.8 (/opt/ros/humble/share/generate_parameter_library/cmake)
-- Found parameter_traits: 0.3.8 (/opt/ros/humble/share/parameter_traits/cmake)
-- Found messages_fr3: 0.0.0 (/workspaces/install/messages_fr3/share/messages_fr3/cmake)
-- Found ament_cmake_clang_format: 0.12.11 (/opt/ros/humble/share/ament_cmake_clang_format/cmake)
-- Found ament_cmake_copyright: 0.12.11 (/opt/ros/humble/share/ament_cmake_copyright/cmake)
-- Found ament_cmake_cppcheck: 0.12.11 (/opt/ros/humble/share/ament_cmake_cppcheck/cmake)
-- Found ament_cmake_flake8: 0.12.11 (/opt/ros/humble/share/ament_cmake_flake8/cmake)
-- Found ament_cmake_lint_cmake: 0.12.11 (/opt/ros/humble/share/ament_cmake_lint_cmake/cmake)
-- Found ament_cmake_pep257: 0.12.11 (/opt/ros/humble/share/ament_cmake_pep257/cmake)
-- Found ament_cmake_xmllint: 0.12.11 (/opt/ros/humble/share/ament_cmake_xmllint/cmake)
-- Found ament_cmake_gmock: 1.3.9 (/opt/ros/humble/share/ament_cmake_gmock/cmake)
-- Found controller_manager: 2.41.0 (/opt/ros/humble/share/controller_manager/cmake)
-- Found ros2_control_test_assets: 2.41.0 (/opt/ros/humble/share/ros2_control_test_assets/cmake)
-- Configuring done
-- Generating done
-- Build files have been written to: /workspaces/src/admittance_control/build/admittance_control
[ 33%] [32mBuilding CXX object CMakeFiles/admittance_control.dir/src/admittance_controller.cpp.o[0m
[ 33%] [32mBuilding CXX object CMakeFiles/admittance_control.dir/src/friction_compensation.cpp.o[0m
[ 50%] [32mBuilding CXX object CMakeFiles/admittance_control.dir/src/user_input_server.cpp.o[0m
[ 66%] [32m[1mLinking CXX shared library libadmittance_control.so[0m
[ 66%] Built target admittance_control
[ 83%] [32mBuilding CXX object CMakeFiles/user_input_client.dir/src/user_input_client.cpp.o[0m
[100%] [32m[1mLinking CXX executable user_input_client[0m
[100%] Built target user_input_client
-- Install configuration: ""
-- Installing: /workspaces/src/admittance_control/install/admittance_control/share/admittance_control/admittance_control.xml
-- Installing: /workspaces/src/admittance_control/install/admittance_control/lib/admittance_control/user_input_client
-- Set runtime path of "/workspaces/src/admittance_control/install/admittance_control/lib/admittance_control/user_input_client" to ""
-- Installing: /workspaces/src/admittance_control/install/admittance_control/lib/libadmittance_control.so
-- Set runtime path of "/workspaces/src/admittance_control/install/admittance_control/lib/libadmittance_control.so" to ""
-- Installing: /workspaces/src/admittance_control/install/admittance_control/include
-- Installing: /workspaces/src/admittance_control/install/admittance_control/include/admittance_control
-- Installing: /workspaces/src/admittance_control/install/admittance_control/include/admittance_control/user_input_server.hpp
-- Installing: /workspaces/src/admittance_control/install/admittance_control/include/admittance_control/admittance_controller.hpp
-- Installing: /workspaces/src/admittance_control/install/admittance_control/include/admittance_control/robot_utils.hpp
-- Installing: /workspaces/src/admittance_control/install/admittance_control/share/admittance_control/launch
-- Installing: /workspaces/src/admittance_control/install/admittance_control/share/admittance_control/launch/controllers.yaml
-- Installing: /workspaces/src/admittance_control/install/admittance_control/share/admittance_control/launch/__pycache__
-- Installing: /workspaces/src/admittance_control/install/admittance_control/share/admittance_control/launch/__pycache__/cartesian_impedance_controller.launch.cpython-310.pyc
-- Installing: /workspaces/src/admittance_control/install/admittance_control/share/admittance_control/launch/admittance_controller.launch.py
-- Installing: /workspaces/src/admittance_control/install/admittance_control/share/admittance_control/environment/library_path.sh
-- Installing: /workspaces/src/admittance_control/install/admittance_control/share/admittance_control/environment/library_path.dsv
-- Installing: /workspaces/src/admittance_control/install/admittance_control/share/ament_index/resource_index/package_run_dependencies/admittance_control
-- Installing: /workspaces/src/admittance_control/install/admittance_control/share/ament_index/resource_index/parent_prefix_path/admittance_control
-- Installing: /workspaces/src/admittance_control/install/admittance_control/share/admittance_control/environment/ament_prefix_path.sh
-- Installing: /workspaces/src/admittance_control/install/admittance_control/share/admittance_control/environment/ament_prefix_path.dsv
-- Installing: /workspaces/src/admittance_control/install/admittance_control/share/admittance_control/environment/path.sh
-- Installing: /workspaces/src/admittance_control/install/admittance_control/share/admittance_control/environment/path.dsv
-- Installing: /workspaces/src/admittance_control/install/admittance_control/share/admittance_control/local_setup.bash
-- Installing: /workspaces/src/admittance_control/install/admittance_control/share/admittance_control/local_setup.sh
-- Installing: /workspaces/src/admittance_control/install/admittance_control/share/admittance_control/local_setup.zsh
-- Installing: /workspaces/src/admittance_control/install/admittance_control/share/admittance_control/local_setup.dsv
-- Installing: /workspaces/src/admittance_control/install/admittance_control/share/admittance_control/package.dsv
-- Installing: /workspaces/src/admittance_control/install/admittance_control/share/ament_index/resource_index/packages/admittance_control
-- Installing: /workspaces/src/admittance_control/install/admittance_control/share/ament_index/resource_index/controller_interface__pluginlib__plugin/admittance_control
-- Installing: /workspaces/src/admittance_control/install/admittance_control/share/admittance_control/cmake/ament_cmake_export_include_directories-extras.cmake
-- Installing: /workspaces/src/admittance_control/install/admittance_control/share/admittance_control/cmake/ament_cmake_export_libraries-extras.cmake
-- Installing: /workspaces/src/admittance_control/install/admittance_control/share/admittance_control/cmake/ament_cmake_export_dependencies-extras.cmake
-- Installing: /workspaces/src/admittance_control/install/admittance_control/share/admittance_control/cmake/admittance_controlConfig.cmake
-- Installing: /workspaces/src/admittance_control/install/admittance_control/share/admittance_control/cmake/admittance_controlConfig-version.cmake
-- Installing: /workspaces/src/admittance_control/install/admittance_control/share/admittance_control/package.xml
