[0.008s] Invoking command in '/workspaces/src/admittance_control/build/admittance_control': CMAKE_PREFIX_PATH=${CMAKE_PREFIX_PATH}:/workspaces/install/robot_trajectory_logger:/workspaces/install/logging_package:/opt/ros/humble /usr/bin/cmake /workspaces/src/admittance_control -DCMAKE_INSTALL_PREFIX=/workspaces/src/admittance_control/install/admittance_control
[0.057s] -- The C compiler identification is GNU 11.4.0
[0.098s] -- The CXX compiler identification is GNU 11.4.0
[0.104s] -- Detecting C compiler ABI info
[0.149s] -- Detecting C compiler ABI info - done
[0.152s] -- Check for working C compiler: /usr/bin/cc - skipped
[0.152s] -- Detecting C compile features
[0.153s] -- Detecting C compile features - done
[0.155s] -- Detecting CXX compiler ABI info
[0.204s] -- Detecting CXX compiler ABI info - done
[0.208s] -- Check for working CXX compiler: /usr/bin/c++ - skipped
[0.208s] -- Detecting CXX compile features
[0.208s] -- Detecting CXX compile features - done
[0.214s] -- Found ament_cmake: 1.3.9 (/opt/ros/humble/share/ament_cmake/cmake)
[0.309s] -- Found Python3: /usr/bin/python3 (found version "3.10.12") found components: Interpreter 
[0.382s] -- Found rclcpp: 16.0.9 (/opt/ros/humble/share/rclcpp/cmake)
[0.423s] -- Found rosidl_generator_c: 3.1.5 (/opt/ros/humble/share/rosidl_generator_c/cmake)
[0.428s] -- Found rosidl_adapter: 3.1.5 (/opt/ros/humble/share/rosidl_adapter/cmake)
[0.436s] -- Found rosidl_generator_cpp: 3.1.5 (/opt/ros/humble/share/rosidl_generator_cpp/cmake)
[0.448s] -- Using all available rosidl_typesupport_c: rosidl_typesupport_fastrtps_c;rosidl_typesupport_introspection_c
[0.463s] -- Using all available rosidl_typesupport_cpp: rosidl_typesupport_fastrtps_cpp;rosidl_typesupport_introspection_cpp
[0.514s] -- Found rmw_implementation_cmake: 6.1.2 (/opt/ros/humble/share/rmw_implementation_cmake/cmake)
[0.517s] -- Found rmw_fastrtps_cpp: 6.2.6 (/opt/ros/humble/share/rmw_fastrtps_cpp/cmake)
[0.594s] -- Found OpenSSL: /usr/lib/x86_64-linux-gnu/libcrypto.so (found version "3.0.2")  
[0.613s] -- Found FastRTPS: /opt/ros/humble/include  
[0.645s] -- Using RMW implementation 'rmw_fastrtps_cpp' as default
[0.655s] -- Looking for pthread.h
[0.701s] -- Looking for pthread.h - found
[0.701s] -- Performing Test CMAKE_HAVE_LIBC_PTHREAD
[0.750s] -- Performing Test CMAKE_HAVE_LIBC_PTHREAD - Success
[0.750s] -- Found Threads: TRUE  
[0.848s] -- Found rclcpp_action: 16.0.9 (/opt/ros/humble/share/rclcpp_action/cmake)
[0.907s] -- Found controller_interface: 2.41.0 (/opt/ros/humble/share/controller_interface/cmake)
[1.264s] -- Found franka_msgs: 0.1.15 (/workspaces/install/franka_msgs/share/franka_msgs/cmake)
[1.350s] -- Found franka_semantic_components: 0.1.0 (/workspaces/install/franka_semantic_components/share/franka_semantic_components/cmake)
[1.602s] -- Found generate_parameter_library: 0.3.8 (/opt/ros/humble/share/generate_parameter_library/cmake)
[1.605s] -- Found parameter_traits: 0.3.8 (/opt/ros/humble/share/parameter_traits/cmake)
[1.619s] -- Found messages_fr3: 0.0.0 (/workspaces/install/messages_fr3/share/messages_fr3/cmake)
[2.186s] -- Found ament_cmake_clang_format: 0.12.11 (/opt/ros/humble/share/ament_cmake_clang_format/cmake)
[2.188s] -- Found ament_cmake_copyright: 0.12.11 (/opt/ros/humble/share/ament_cmake_copyright/cmake)
[2.190s] -- Found ament_cmake_cppcheck: 0.12.11 (/opt/ros/humble/share/ament_cmake_cppcheck/cmake)
[2.193s] -- Found ament_cmake_flake8: 0.12.11 (/opt/ros/humble/share/ament_cmake_flake8/cmake)
[2.195s] -- Found ament_cmake_lint_cmake: 0.12.11 (/opt/ros/humble/share/ament_cmake_lint_cmake/cmake)
[2.197s] -- Found ament_cmake_pep257: 0.12.11 (/opt/ros/humble/share/ament_cmake_pep257/cmake)
[2.199s] -- Found ament_cmake_xmllint: 0.12.11 (/opt/ros/humble/share/ament_cmake_xmllint/cmake)
[2.202s] -- Found ament_cmake_gmock: 1.3.9 (/opt/ros/humble/share/ament_cmake_gmock/cmake)
[2.204s] -- Found controller_manager: 2.41.0 (/opt/ros/humble/share/controller_manager/cmake)
[2.344s] -- Found ros2_control_test_assets: 2.41.0 (/opt/ros/humble/share/ros2_control_test_assets/cmake)
[2.385s] -- Configuring done
[2.416s] -- Generating done
[2.417s] -- Build files have been written to: /workspaces/src/admittance_control/build/admittance_control
[2.424s] Invoked command in '/workspaces/src/admittance_control/build/admittance_control' returned '0': CMAKE_PREFIX_PATH=${CMAKE_PREFIX_PATH}:/workspaces/install/robot_trajectory_logger:/workspaces/install/logging_package:/opt/ros/humble /usr/bin/cmake /workspaces/src/admittance_control -DCMAKE_INSTALL_PREFIX=/workspaces/src/admittance_control/install/admittance_control
[2.425s] Invoking command in '/workspaces/src/admittance_control/build/admittance_control': CMAKE_PREFIX_PATH=${CMAKE_PREFIX_PATH}:/workspaces/install/robot_trajectory_logger:/workspaces/install/logging_package:/opt/ros/humble /usr/bin/cmake --build /workspaces/src/admittance_control/build/admittance_control -- -j20 -l20
[2.459s] [ 33%] [32mBuilding CXX object CMakeFiles/admittance_control.dir/src/admittance_controller.cpp.o[0m
[2.459s] [ 33%] [32mBuilding CXX object CMakeFiles/admittance_control.dir/src/friction_compensation.cpp.o[0m
[2.459s] [ 50%] [32mBuilding CXX object CMakeFiles/admittance_control.dir/src/user_input_server.cpp.o[0m
[5.151s] [01m[K/workspaces/src/admittance_control/src/admittance_controller.cpp:[m[K In member function ‘[01m[Kvirtual controller_interface::return_type admittance_control::AdmittanceController::update(const rclcpp::Time&, const rclcpp::Duration&)[m[K’:
[5.151s] [01m[K/workspaces/src/admittance_control/src/admittance_controller.cpp:273:31:[m[K [01;35m[Kwarning: [m[Kvariable ‘[01m[KQ[m[K’ set but not used [[01;35m[K]8;;https://gcc.gnu.org/onlinedocs/gcc/Warning-Options.html#index-Wunused-but-set-variable-Wunused-but-set-variable]8;;[m[K]
[5.151s]   273 |   Eigen::Matrix<double, 6, 6> [01;35m[KQ[m[K = Lambda * Theta.inverse(); // helper for impedance control law
[5.151s]       |                               [01;35m[K^[m[K
[18.456s] [ 66%] [32m[1mLinking CXX shared library libadmittance_control.so[0m
[20.168s] [ 66%] Built target admittance_control
[20.195s] [ 83%] [32mBuilding CXX object CMakeFiles/user_input_client.dir/src/user_input_client.cpp.o[0m
[23.759s] [100%] [32m[1mLinking CXX executable user_input_client[0m
[24.047s] [100%] Built target user_input_client
[24.059s] Invoked command in '/workspaces/src/admittance_control/build/admittance_control' returned '0': CMAKE_PREFIX_PATH=${CMAKE_PREFIX_PATH}:/workspaces/install/robot_trajectory_logger:/workspaces/install/logging_package:/opt/ros/humble /usr/bin/cmake --build /workspaces/src/admittance_control/build/admittance_control -- -j20 -l20
[24.117s] Invoking command in '/workspaces/src/admittance_control/build/admittance_control': CMAKE_PREFIX_PATH=${CMAKE_PREFIX_PATH}:/workspaces/install/robot_trajectory_logger:/workspaces/install/logging_package:/opt/ros/humble /usr/bin/cmake --install /workspaces/src/admittance_control/build/admittance_control
[24.127s] -- Install configuration: ""
[24.127s] -- Installing: /workspaces/src/admittance_control/install/admittance_control/share/admittance_control/admittance_control.xml
[24.127s] -- Installing: /workspaces/src/admittance_control/install/admittance_control/lib/admittance_control/user_input_client
[24.128s] -- Set runtime path of "/workspaces/src/admittance_control/install/admittance_control/lib/admittance_control/user_input_client" to ""
[24.128s] -- Installing: /workspaces/src/admittance_control/install/admittance_control/lib/libadmittance_control.so
[24.147s] -- Set runtime path of "/workspaces/src/admittance_control/install/admittance_control/lib/libadmittance_control.so" to ""
[24.147s] -- Installing: /workspaces/src/admittance_control/install/admittance_control/include
[24.147s] -- Installing: /workspaces/src/admittance_control/install/admittance_control/include/admittance_control
[24.147s] -- Installing: /workspaces/src/admittance_control/install/admittance_control/include/admittance_control/user_input_server.hpp
[24.147s] -- Installing: /workspaces/src/admittance_control/install/admittance_control/include/admittance_control/admittance_controller.hpp
[24.147s] -- Installing: /workspaces/src/admittance_control/install/admittance_control/include/admittance_control/robot_utils.hpp
[24.147s] -- Installing: /workspaces/src/admittance_control/install/admittance_control/share/admittance_control/launch
[24.147s] -- Installing: /workspaces/src/admittance_control/install/admittance_control/share/admittance_control/launch/controllers.yaml
[24.148s] -- Installing: /workspaces/src/admittance_control/install/admittance_control/share/admittance_control/launch/__pycache__
[24.148s] -- Installing: /workspaces/src/admittance_control/install/admittance_control/share/admittance_control/launch/__pycache__/cartesian_impedance_controller.launch.cpython-310.pyc
[24.148s] -- Installing: /workspaces/src/admittance_control/install/admittance_control/share/admittance_control/launch/admittance_controller.launch.py
[24.148s] -- Installing: /workspaces/src/admittance_control/install/admittance_control/share/admittance_control/environment/library_path.sh
[24.148s] -- Installing: /workspaces/src/admittance_control/install/admittance_control/share/admittance_control/environment/library_path.dsv
[24.148s] -- Installing: /workspaces/src/admittance_control/install/admittance_control/share/ament_index/resource_index/package_run_dependencies/admittance_control
[24.148s] -- Installing: /workspaces/src/admittance_control/install/admittance_control/share/ament_index/resource_index/parent_prefix_path/admittance_control
[24.148s] -- Installing: /workspaces/src/admittance_control/install/admittance_control/share/admittance_control/environment/ament_prefix_path.sh
[24.148s] -- Installing: /workspaces/src/admittance_control/install/admittance_control/share/admittance_control/environment/ament_prefix_path.dsv
[24.148s] -- Installing: /workspaces/src/admittance_control/install/admittance_control/share/admittance_control/environment/path.sh
[24.148s] -- Installing: /workspaces/src/admittance_control/install/admittance_control/share/admittance_control/environment/path.dsv
[24.148s] -- Installing: /workspaces/src/admittance_control/install/admittance_control/share/admittance_control/local_setup.bash
[24.148s] -- Installing: /workspaces/src/admittance_control/install/admittance_control/share/admittance_control/local_setup.sh
[24.148s] -- Installing: /workspaces/src/admittance_control/install/admittance_control/share/admittance_control/local_setup.zsh
[24.148s] -- Installing: /workspaces/src/admittance_control/install/admittance_control/share/admittance_control/local_setup.dsv
[24.148s] -- Installing: /workspaces/src/admittance_control/install/admittance_control/share/admittance_control/package.dsv
[24.149s] -- Installing: /workspaces/src/admittance_control/install/admittance_control/share/ament_index/resource_index/packages/admittance_control
[24.149s] -- Installing: /workspaces/src/admittance_control/install/admittance_control/share/ament_index/resource_index/controller_interface__pluginlib__plugin/admittance_control
[24.149s] -- Installing: /workspaces/src/admittance_control/install/admittance_control/share/admittance_control/cmake/ament_cmake_export_include_directories-extras.cmake
[24.149s] -- Installing: /workspaces/src/admittance_control/install/admittance_control/share/admittance_control/cmake/ament_cmake_export_libraries-extras.cmake
[24.149s] -- Installing: /workspaces/src/admittance_control/install/admittance_control/share/admittance_control/cmake/ament_cmake_export_dependencies-extras.cmake
[24.149s] -- Installing: /workspaces/src/admittance_control/install/admittance_control/share/admittance_control/cmake/admittance_controlConfig.cmake
[24.149s] -- Installing: /workspaces/src/admittance_control/install/admittance_control/share/admittance_control/cmake/admittance_controlConfig-version.cmake
[24.149s] -- Installing: /workspaces/src/admittance_control/install/admittance_control/share/admittance_control/package.xml
[24.151s] Invoked command in '/workspaces/src/admittance_control/build/admittance_control' returned '0': CMAKE_PREFIX_PATH=${CMAKE_PREFIX_PATH}:/workspaces/install/robot_trajectory_logger:/workspaces/install/logging_package:/opt/ros/humble /usr/bin/cmake --install /workspaces/src/admittance_control/build/admittance_control
